Performing C SOURCE FILE Test CMAKE_HAVE_LIBC_PTHREAD failed with the following output:
Change Dir: /home/pls/ydlidar_ws/build/CMakeFiles/CMakeTmp

Run Build Command(s):/usr/bin/gmake cmTC_9ead6/fast && /usr/bin/gmake -f CMakeFiles/cmTC_9ead6.dir/build.make CMakeFiles/cmTC_9ead6.dir/build
gmake[1]: Entering directory '/home/pls/ydlidar_ws/build/CMakeFiles/CMakeTmp'
Building C object CMakeFiles/cmTC_9ead6.dir/src.c.o
/usr/bin/cc   -DCMAKE_HAVE_LIBC_PTHREAD   -o CMakeFiles/cmTC_9ead6.dir/src.c.o   -c /home/pls/ydlidar_ws/build/CMakeFiles/CMakeTmp/src.c
Linking C executable cmTC_9ead6
/usr/bin/cmake -E cmake_link_script CMakeFiles/cmTC_9ead6.dir/link.txt --verbose=1
/usr/bin/cc  -DCMAKE_HAVE_LIBC_PTHREAD    -rdynamic CMakeFiles/cmTC_9ead6.dir/src.c.o  -o cmTC_9ead6 
/usr/bin/ld: CMakeFiles/cmTC_9ead6.dir/src.c.o: in function `main':
src.c:(.text+0x48): undefined reference to `pthread_create'
/usr/bin/ld: src.c:(.text+0x50): undefined reference to `pthread_detach'
/usr/bin/ld: src.c:(.text+0x5c): undefined reference to `pthread_join'
collect2: error: ld returned 1 exit status
gmake[1]: *** [CMakeFiles/cmTC_9ead6.dir/build.make:87: cmTC_9ead6] Error 1
gmake[1]: Leaving directory '/home/pls/ydlidar_ws/build/CMakeFiles/CMakeTmp'
gmake: *** [Makefile:121: cmTC_9ead6/fast] Error 2


Source file was:
#include <pthread.h>

void* test_func(void* data)
{
  return data;
}

int main(void)
{
  pthread_t thread;
  pthread_create(&thread, NULL, test_func, NULL);
  pthread_detach(thread);
  pthread_join(thread, NULL);
  pthread_atfork(NULL, NULL, NULL);
  pthread_exit(NULL);

  return 0;
}

Determining if the function pthread_create exists in the pthreads failed with the following output:
Change Dir: /home/pls/ydlidar_ws/build/CMakeFiles/CMakeTmp

Run Build Command(s):/usr/bin/gmake cmTC_b921d/fast && /usr/bin/gmake -f CMakeFiles/cmTC_b921d.dir/build.make CMakeFiles/cmTC_b921d.dir/build
gmake[1]: Entering directory '/home/pls/ydlidar_ws/build/CMakeFiles/CMakeTmp'
Building C object CMakeFiles/cmTC_b921d.dir/CheckFunctionExists.c.o
/usr/bin/cc   -DCHECK_FUNCTION_EXISTS=pthread_create   -o CMakeFiles/cmTC_b921d.dir/CheckFunctionExists.c.o   -c /usr/share/cmake-3.16/Modules/CheckFunctionExists.c
Linking C executable cmTC_b921d
/usr/bin/cmake -E cmake_link_script CMakeFiles/cmTC_b921d.dir/link.txt --verbose=1
/usr/bin/cc  -DCHECK_FUNCTION_EXISTS=pthread_create    -rdynamic CMakeFiles/cmTC_b921d.dir/CheckFunctionExists.c.o  -o cmTC_b921d  -lpthreads 
/usr/bin/ld: cannot find -lpthreads
collect2: error: ld returned 1 exit status
gmake[1]: *** [CMakeFiles/cmTC_b921d.dir/build.make:87: cmTC_b921d] Error 1
gmake[1]: Leaving directory '/home/pls/ydlidar_ws/build/CMakeFiles/CMakeTmp'
gmake: *** [Makefile:121: cmTC_b921d/fast] Error 2



